\BOOKMARK [0][-]{chapter.1}{\376\377\0001\000\040\000C\000P\000g\000e\000n}{}% 1
\BOOKMARK [1][-]{subsection.1.0.1}{\376\377\0001\000.\0000\000.\0001\000\040\000Q\000u\000i\000c\000k\000\040\000S\000t\000a\000r\000t}{chapter.1}% 2
\BOOKMARK [2][-]{subsection.1.0.2}{\376\377\0001\000.\0000\000.\0002\000\040\000U\000s\000a\000g\000e\000s}{subsection.1.0.1}% 3
\BOOKMARK [2][-]{subsection.1.0.3}{\376\377\0001\000.\0000\000.\0003\000\040\000F\000A\000Q\000s}{subsection.1.0.1}% 4
\BOOKMARK [0][-]{chapter.2}{\376\377\0002\000\040\000C\000P\000g\000e\000n}{}% 5
\BOOKMARK [1][-]{section.2.1}{\376\377\0002\000.\0001\000\040\000Q\000u\000i\000c\000k\000\040\000S\000t\000a\000r\000t}{chapter.2}% 6
\BOOKMARK [1][-]{section.2.2}{\376\377\0002\000.\0002\000\040\000U\000s\000a\000g\000e\000s}{chapter.2}% 7
\BOOKMARK [1][-]{section.2.3}{\376\377\0002\000.\0003\000\040\000F\000A\000Q\000s}{chapter.2}% 8
\BOOKMARK [0][-]{chapter.3}{\376\377\0003\000\040\000H\000i\000e\000r\000a\000r\000c\000h\000i\000c\000a\000l\000\040\000I\000n\000d\000e\000x}{}% 9
\BOOKMARK [1][-]{section.3.1}{\376\377\0003\000.\0001\000\040\000C\000l\000a\000s\000s\000\040\000H\000i\000e\000r\000a\000r\000c\000h\000y}{chapter.3}% 10
\BOOKMARK [0][-]{chapter.4}{\376\377\0004\000\040\000C\000l\000a\000s\000s\000\040\000I\000n\000d\000e\000x}{}% 11
\BOOKMARK [1][-]{section.4.1}{\376\377\0004\000.\0001\000\040\000C\000l\000a\000s\000s\000\040\000L\000i\000s\000t}{chapter.4}% 12
\BOOKMARK [0][-]{chapter.5}{\376\377\0005\000\040\000F\000i\000l\000e\000\040\000I\000n\000d\000e\000x}{}% 13
\BOOKMARK [1][-]{section.5.1}{\376\377\0005\000.\0001\000\040\000F\000i\000l\000e\000\040\000L\000i\000s\000t}{chapter.5}% 14
\BOOKMARK [0][-]{chapter.6}{\376\377\0006\000\040\000C\000l\000a\000s\000s\000\040\000D\000o\000c\000u\000m\000e\000n\000t\000a\000t\000i\000o\000n}{}% 15
\BOOKMARK [1][-]{section.6.1}{\376\377\0006\000.\0001\000\040\000\137\000r\000a\000n\000d\000o\000m\000\040\000C\000l\000a\000s\000s\000\040\000R\000e\000f\000e\000r\000e\000n\000c\000e}{chapter.6}% 16
\BOOKMARK [2][-]{subsection.6.1.1}{\376\377\0006\000.\0001\000.\0001\000\040\000D\000e\000t\000a\000i\000l\000e\000d\000\040\000D\000e\000s\000c\000r\000i\000p\000t\000i\000o\000n}{section.6.1}% 17
\BOOKMARK [2][-]{subsection.6.1.2}{\376\377\0006\000.\0001\000.\0002\000\040\000M\000e\000m\000b\000e\000r\000\040\000F\000u\000n\000c\000t\000i\000o\000n\000\040\000D\000o\000c\000u\000m\000e\000n\000t\000a\000t\000i\000o\000n}{section.6.1}% 18
\BOOKMARK [3][-]{subsubsection.6.1.2.1}{\376\377\0006\000.\0001\000.\0002\000.\0001\000\040\000g\000e\000t\000\137\000p\000r\000i\000m\000e\000\050\000\051}{subsection.6.1.2}% 19
\BOOKMARK [3][-]{subsubsection.6.1.2.2}{\376\377\0006\000.\0001\000.\0002\000.\0002\000\040\000s\000h\000u\000f\000f\000l\000e\000\050\000\051}{subsection.6.1.2}% 20
\BOOKMARK [1][-]{section.6.2}{\376\377\0006\000.\0002\000\040\000A\000r\000r\000a\000y\000<\000\040\000\137\000T\000p\000\040\000>\000\040\000C\000l\000a\000s\000s\000\040\000T\000e\000m\000p\000l\000a\000t\000e\000\040\000R\000e\000f\000e\000r\000e\000n\000c\000e}{chapter.6}% 21
\BOOKMARK [2][-]{subsection.6.2.1}{\376\377\0006\000.\0002\000.\0001\000\040\000D\000e\000t\000a\000i\000l\000e\000d\000\040\000D\000e\000s\000c\000r\000i\000p\000t\000i\000o\000n}{section.6.2}% 22
\BOOKMARK [2][-]{subsection.6.2.2}{\376\377\0006\000.\0002\000.\0002\000\040\000M\000e\000m\000b\000e\000r\000\040\000F\000u\000n\000c\000t\000i\000o\000n\000\040\000D\000o\000c\000u\000m\000e\000n\000t\000a\000t\000i\000o\000n}{section.6.2}% 23
\BOOKMARK [3][-]{subsubsection.6.2.2.1}{\376\377\0006\000.\0002\000.\0002\000.\0001\000\040\000a\000s\000c\000e\000n\000d\000i\000n\000g\000\137\000a\000r\000r\000a\000y\000\050\000\051}{subsection.6.2.2}% 24
\BOOKMARK [3][-]{subsubsection.6.2.2.2}{\376\377\0006\000.\0002\000.\0002\000.\0002\000\040\000b\000a\000s\000i\000c\000\137\000g\000e\000n\000\050\000\051}{subsection.6.2.2}% 25
\BOOKMARK [3][-]{subsubsection.6.2.2.3}{\376\377\0006\000.\0002\000.\0002\000.\0003\000\040\000b\000e\000g\000i\000n\000\050\000\051}{subsection.6.2.2}% 26
\BOOKMARK [3][-]{subsubsection.6.2.2.4}{\376\377\0006\000.\0002\000.\0002\000.\0004\000\040\000b\000i\000n\000a\000r\000y\000\137\000g\000e\000n\000\050\000\051}{subsection.6.2.2}% 27
\BOOKMARK [3][-]{subsubsection.6.2.2.5}{\376\377\0006\000.\0002\000.\0002\000.\0005\000\040\000c\000o\000n\000s\000t\000a\000n\000t\000\137\000s\000u\000m\000\050\000\051}{subsection.6.2.2}% 28
\BOOKMARK [3][-]{subsubsection.6.2.2.6}{\376\377\0006\000.\0002\000.\0002\000.\0006\000\040\000d\000e\000c\000e\000n\000d\000i\000n\000g\000\137\000a\000r\000r\000a\000y\000\050\000\051}{subsection.6.2.2}% 29
\BOOKMARK [3][-]{subsubsection.6.2.2.7}{\376\377\0006\000.\0002\000.\0002\000.\0007\000\040\000e\000n\000d\000\050\000\051}{subsection.6.2.2}% 30
\BOOKMARK [3][-]{subsubsection.6.2.2.8}{\376\377\0006\000.\0002\000.\0002\000.\0008\000\040\000g\000e\000n\000e\000r\000a\000t\000e\000\137\000f\000u\000n\000c\000t\000i\000o\000n\000\050\000\051}{subsection.6.2.2}% 31
\BOOKMARK [3][-]{subsubsection.6.2.2.9}{\376\377\0006\000.\0002\000.\0002\000.\0009\000\040\000g\000e\000n\000e\000r\000a\000t\000e\000\137\000i\000t\000e\000r\000a\000t\000e\000\137\000f\000u\000n\000c\000t\000i\000o\000n\000\050\000\051}{subsection.6.2.2}% 32
\BOOKMARK [3][-]{subsubsection.6.2.2.10}{\376\377\0006\000.\0002\000.\0002\000.\0001\0000\000\040\000i\000n\000i\000t\000\050\000\051}{subsection.6.2.2}% 33
\BOOKMARK [3][-]{subsubsection.6.2.2.11}{\376\377\0006\000.\0002\000.\0002\000.\0001\0001\000\040\000o\000p\000e\000r\000a\000t\000o\000r\000[\000]\000\050\000\051}{subsection.6.2.2}% 34
\BOOKMARK [3][-]{subsubsection.6.2.2.12}{\376\377\0006\000.\0002\000.\0002\000.\0001\0002\000\040\000p\000e\000r\000m\000u\000t\000a\000t\000i\000o\000n\000\050\000\051}{subsection.6.2.2}% 35
\BOOKMARK [3][-]{subsubsection.6.2.2.13}{\376\377\0006\000.\0002\000.\0002\000.\0001\0003\000\040\000p\000e\000r\000t\000u\000r\000b\000e\000\050\000\051}{subsection.6.2.2}% 36
\BOOKMARK [3][-]{subsubsection.6.2.2.14}{\376\377\0006\000.\0002\000.\0002\000.\0001\0004\000\040\000p\000r\000i\000n\000t\000\050\000\051}{subsection.6.2.2}% 37
\BOOKMARK [3][-]{subsubsection.6.2.2.15}{\376\377\0006\000.\0002\000.\0002\000.\0001\0005\000\040\000r\000e\000v\000e\000r\000s\000e\000\050\000\051}{subsection.6.2.2}% 38
\BOOKMARK [3][-]{subsubsection.6.2.2.16}{\376\377\0006\000.\0002\000.\0002\000.\0001\0006\000\040\000s\000h\000u\000f\000f\000l\000e\000\050\000\051}{subsection.6.2.2}% 39
\BOOKMARK [3][-]{subsubsection.6.2.2.17}{\376\377\0006\000.\0002\000.\0002\000.\0001\0007\000\040\000s\000o\000r\000t\000\050\000\051}{subsection.6.2.2}% 40
\BOOKMARK [3][-]{subsubsection.6.2.2.18}{\376\377\0006\000.\0002\000.\0002\000.\0001\0008\000\040\000s\000u\000m\000\050\000\051}{subsection.6.2.2}% 41
\BOOKMARK [3][-]{subsubsection.6.2.2.19}{\376\377\0006\000.\0002\000.\0002\000.\0001\0009\000\040\000t\000o\000\137\000d\000i\000f\000f\000r\000e\000n\000c\000e\000\050\000\051}{subsection.6.2.2}% 42
\BOOKMARK [1][-]{section.6.3}{\376\377\0006\000.\0003\000\040\000B\000u\000f\000f\000e\000r\000e\000d\000F\000i\000l\000e\000I\000n\000p\000u\000t\000S\000t\000r\000e\000a\000m\000R\000e\000a\000d\000e\000r\000\040\000C\000l\000a\000s\000s\000\040\000R\000e\000f\000e\000r\000e\000n\000c\000e}{chapter.6}% 43
\BOOKMARK [2][-]{subsection.6.3.1}{\376\377\0006\000.\0003\000.\0001\000\040\000M\000e\000m\000b\000e\000r\000\040\000F\000u\000n\000c\000t\000i\000o\000n\000\040\000D\000o\000c\000u\000m\000e\000n\000t\000a\000t\000i\000o\000n}{section.6.3}% 44
\BOOKMARK [3][-]{subsubsection.6.3.1.1}{\376\377\0006\000.\0003\000.\0001\000.\0001\000\040\000c\000l\000o\000s\000e\000\050\000\051}{subsection.6.3.1}% 45
\BOOKMARK [3][-]{subsubsection.6.3.1.2}{\376\377\0006\000.\0003\000.\0001\000.\0002\000\040\000c\000u\000r\000C\000h\000a\000r\000\050\000\051}{subsection.6.3.1}% 46
\BOOKMARK [3][-]{subsubsection.6.3.1.3}{\376\377\0006\000.\0003\000.\0001\000.\0003\000\040\000e\000o\000f\000\050\000\051}{subsection.6.3.1}% 47
\BOOKMARK [3][-]{subsubsection.6.3.1.4}{\376\377\0006\000.\0003\000.\0001\000.\0004\000\040\000g\000e\000t\000L\000i\000n\000e\000\050\000\051}{subsection.6.3.1}% 48
\BOOKMARK [3][-]{subsubsection.6.3.1.5}{\376\377\0006\000.\0003\000.\0001\000.\0005\000\040\000g\000e\000t\000N\000a\000m\000e\000\050\000\051}{subsection.6.3.1}% 49
\BOOKMARK [3][-]{subsubsection.6.3.1.6}{\376\377\0006\000.\0003\000.\0001\000.\0006\000\040\000g\000e\000t\000R\000e\000a\000d\000C\000h\000a\000r\000s\000\050\000\051}{subsection.6.3.1}% 50
\BOOKMARK [3][-]{subsubsection.6.3.1.7}{\376\377\0006\000.\0003\000.\0001\000.\0007\000\040\000n\000e\000x\000t\000C\000h\000a\000r\000\050\000\051}{subsection.6.3.1}% 51
\BOOKMARK [3][-]{subsubsection.6.3.1.8}{\376\377\0006\000.\0003\000.\0001\000.\0008\000\040\000s\000e\000t\000T\000e\000s\000t\000C\000a\000s\000e\000\050\000\051}{subsection.6.3.1}% 52
\BOOKMARK [3][-]{subsubsection.6.3.1.9}{\376\377\0006\000.\0003\000.\0001\000.\0009\000\040\000s\000k\000i\000p\000C\000h\000a\000r\000\050\000\051}{subsection.6.3.1}% 53
\BOOKMARK [3][-]{subsubsection.6.3.1.10}{\376\377\0006\000.\0003\000.\0001\000.\0001\0000\000\040\000u\000n\000r\000e\000a\000d\000C\000h\000a\000r\000\050\000\051}{subsection.6.3.1}% 54
\BOOKMARK [1][-]{section.6.4}{\376\377\0006\000.\0004\000\040\000C\000h\000e\000c\000k\000e\000r\000\040\000C\000l\000a\000s\000s\000\040\000R\000e\000f\000e\000r\000e\000n\000c\000e}{chapter.6}% 55
\BOOKMARK [1][-]{section.6.5}{\376\377\0006\000.\0005\000\040\000F\000i\000l\000e\000I\000n\000p\000u\000t\000S\000t\000r\000e\000a\000m\000R\000e\000a\000d\000e\000r\000\040\000C\000l\000a\000s\000s\000\040\000R\000e\000f\000e\000r\000e\000n\000c\000e}{chapter.6}% 56
\BOOKMARK [2][-]{subsection.6.5.1}{\376\377\0006\000.\0005\000.\0001\000\040\000M\000e\000m\000b\000e\000r\000\040\000F\000u\000n\000c\000t\000i\000o\000n\000\040\000D\000o\000c\000u\000m\000e\000n\000t\000a\000t\000i\000o\000n}{section.6.5}% 57
\BOOKMARK [3][-]{subsubsection.6.5.1.1}{\376\377\0006\000.\0005\000.\0001\000.\0001\000\040\000c\000l\000o\000s\000e\000\050\000\051}{subsection.6.5.1}% 58
\BOOKMARK [3][-]{subsubsection.6.5.1.2}{\376\377\0006\000.\0005\000.\0001\000.\0002\000\040\000c\000u\000r\000C\000h\000a\000r\000\050\000\051}{subsection.6.5.1}% 59
\BOOKMARK [3][-]{subsubsection.6.5.1.3}{\376\377\0006\000.\0005\000.\0001\000.\0003\000\040\000e\000o\000f\000\050\000\051}{subsection.6.5.1}% 60
\BOOKMARK [3][-]{subsubsection.6.5.1.4}{\376\377\0006\000.\0005\000.\0001\000.\0004\000\040\000g\000e\000t\000L\000i\000n\000e\000\050\000\051}{subsection.6.5.1}% 61
\BOOKMARK [3][-]{subsubsection.6.5.1.5}{\376\377\0006\000.\0005\000.\0001\000.\0005\000\040\000g\000e\000t\000N\000a\000m\000e\000\050\000\051}{subsection.6.5.1}% 62
\BOOKMARK [3][-]{subsubsection.6.5.1.6}{\376\377\0006\000.\0005\000.\0001\000.\0006\000\040\000g\000e\000t\000R\000e\000a\000d\000C\000h\000a\000r\000s\000\050\000\051}{subsection.6.5.1}% 63
\BOOKMARK [3][-]{subsubsection.6.5.1.7}{\376\377\0006\000.\0005\000.\0001\000.\0007\000\040\000n\000e\000x\000t\000C\000h\000a\000r\000\050\000\051}{subsection.6.5.1}% 64
\BOOKMARK [3][-]{subsubsection.6.5.1.8}{\376\377\0006\000.\0005\000.\0001\000.\0008\000\040\000s\000e\000t\000T\000e\000s\000t\000C\000a\000s\000e\000\050\000\051}{subsection.6.5.1}% 65
\BOOKMARK [3][-]{subsubsection.6.5.1.9}{\376\377\0006\000.\0005\000.\0001\000.\0009\000\040\000s\000k\000i\000p\000C\000h\000a\000r\000\050\000\051}{subsection.6.5.1}% 66
\BOOKMARK [3][-]{subsubsection.6.5.1.10}{\376\377\0006\000.\0005\000.\0001\000.\0001\0000\000\040\000u\000n\000r\000e\000a\000d\000C\000h\000a\000r\000\050\000\051}{subsection.6.5.1}% 67
\BOOKMARK [1][-]{section.6.6}{\376\377\0006\000.\0006\000\040\000G\000e\000n\000E\000x\000c\000e\000p\000t\000i\000o\000n\000\040\000S\000t\000r\000u\000c\000t\000\040\000R\000e\000f\000e\000r\000e\000n\000c\000e}{chapter.6}% 68
\BOOKMARK [2][-]{subsection.6.6.1}{\376\377\0006\000.\0006\000.\0001\000\040\000D\000e\000t\000a\000i\000l\000e\000d\000\040\000D\000e\000s\000c\000r\000i\000p\000t\000i\000o\000n}{section.6.6}% 69
\BOOKMARK [1][-]{section.6.7}{\376\377\0006\000.\0007\000\040\000G\000e\000o\000m\000e\000t\000r\000y\000<\000\040\000P\000o\000i\000n\000t\000T\000y\000p\000e\000\040\000>\000\040\000C\000l\000a\000s\000s\000\040\000T\000e\000m\000p\000l\000a\000t\000e\000\040\000R\000e\000f\000e\000r\000e\000n\000c\000e}{chapter.6}% 70
\BOOKMARK [1][-]{section.6.8}{\376\377\0006\000.\0008\000\040\000G\000r\000a\000p\000h\000\040\000C\000l\000a\000s\000s\000\040\000R\000e\000f\000e\000r\000e\000n\000c\000e}{chapter.6}% 71
\BOOKMARK [2][-]{subsection.6.8.1}{\376\377\0006\000.\0008\000.\0001\000\040\000M\000e\000m\000b\000e\000r\000\040\000F\000u\000n\000c\000t\000i\000o\000n\000\040\000D\000o\000c\000u\000m\000e\000n\000t\000a\000t\000i\000o\000n}{section.6.8}% 72
\BOOKMARK [3][-]{subsubsection.6.8.1.1}{\376\377\0006\000.\0008\000.\0001\000.\0001\000\040\000a\000d\000d\000\050\000\051}{subsection.6.8.1}% 73
\BOOKMARK [3][-]{subsubsection.6.8.1.2}{\376\377\0006\000.\0008\000.\0001\000.\0002\000\040\000D\000A\000G\000\050\000\051}{subsection.6.8.1}% 74
\BOOKMARK [3][-]{subsubsection.6.8.1.3}{\376\377\0006\000.\0008\000.\0001\000.\0003\000\040\000e\000x\000i\000s\000t\000s\000\050\000\051}{subsection.6.8.1}% 75
\BOOKMARK [3][-]{subsubsection.6.8.1.4}{\376\377\0006\000.\0008\000.\0001\000.\0004\000\040\000f\000o\000r\000e\000s\000t\000\050\000\051}{subsection.6.8.1}% 76
\BOOKMARK [3][-]{subsubsection.6.8.1.5}{\376\377\0006\000.\0008\000.\0001\000.\0005\000\040\000h\000a\000c\000k\000\137\000s\000p\000f\000a\000\050\000\051}{subsection.6.8.1}% 77
\BOOKMARK [3][-]{subsubsection.6.8.1.6}{\376\377\0006\000.\0008\000.\0001\000.\0006\000\040\000i\000n\000i\000t\000\050\000\051}{subsection.6.8.1}% 78
\BOOKMARK [3][-]{subsubsection.6.8.1.7}{\376\377\0006\000.\0008\000.\0001\000.\0007\000\040\000r\000a\000n\000d\000o\000m\000l\000y\000\137\000g\000e\000n\000\050\000\051}{subsection.6.8.1}% 79
\BOOKMARK [1][-]{section.6.9}{\376\377\0006\000.\0009\000\040\000I\000n\000p\000u\000t\000S\000t\000r\000e\000a\000m\000R\000e\000a\000d\000e\000r\000\040\000C\000l\000a\000s\000s\000\040\000R\000e\000f\000e\000r\000e\000n\000c\000e}{chapter.6}% 80
\BOOKMARK [1][-]{section.6.10}{\376\377\0006\000.\0001\0000\000\040\000I\000n\000S\000t\000r\000e\000a\000m\000\040\000S\000t\000r\000u\000c\000t\000\040\000R\000e\000f\000e\000r\000e\000n\000c\000e}{chapter.6}% 81
\BOOKMARK [1][-]{section.6.11}{\376\377\0006\000.\0001\0001\000\040\000p\000a\000t\000t\000e\000r\000n\000\040\000C\000l\000a\000s\000s\000\040\000R\000e\000f\000e\000r\000e\000n\000c\000e}{chapter.6}% 82
\BOOKMARK [1][-]{section.6.12}{\376\377\0006\000.\0001\0002\000\040\000P\000o\000i\000n\000t\000<\000\040\000P\000o\000i\000n\000t\000T\000y\000p\000e\000\040\000>\000\040\000S\000t\000r\000u\000c\000t\000\040\000T\000e\000m\000p\000l\000a\000t\000e\000\040\000R\000e\000f\000e\000r\000e\000n\000c\000e}{chapter.6}% 83
\BOOKMARK [1][-]{section.6.13}{\376\377\0006\000.\0001\0003\000\040\000r\000a\000n\000d\000o\000m\000\137\000t\000\040\000C\000l\000a\000s\000s\000\040\000R\000e\000f\000e\000r\000e\000n\000c\000e}{chapter.6}% 84
\BOOKMARK [1][-]{section.6.14}{\376\377\0006\000.\0001\0004\000\040\000S\000t\000r\000i\000n\000g\000\040\000C\000l\000a\000s\000s\000\040\000R\000e\000f\000e\000r\000e\000n\000c\000e}{chapter.6}% 85
\BOOKMARK [1][-]{section.6.15}{\376\377\0006\000.\0001\0005\000\040\000S\000t\000r\000i\000n\000g\000I\000n\000p\000u\000t\000S\000t\000r\000e\000a\000m\000R\000e\000a\000d\000e\000r\000\040\000C\000l\000a\000s\000s\000\040\000R\000e\000f\000e\000r\000e\000n\000c\000e}{chapter.6}% 86
\BOOKMARK [2][-]{subsection.6.15.1}{\376\377\0006\000.\0001\0005\000.\0001\000\040\000M\000e\000m\000b\000e\000r\000\040\000F\000u\000n\000c\000t\000i\000o\000n\000\040\000D\000o\000c\000u\000m\000e\000n\000t\000a\000t\000i\000o\000n}{section.6.15}% 87
\BOOKMARK [3][-]{subsubsection.6.15.1.1}{\376\377\0006\000.\0001\0005\000.\0001\000.\0001\000\040\000c\000l\000o\000s\000e\000\050\000\051}{subsection.6.15.1}% 88
\BOOKMARK [3][-]{subsubsection.6.15.1.2}{\376\377\0006\000.\0001\0005\000.\0001\000.\0002\000\040\000c\000u\000r\000C\000h\000a\000r\000\050\000\051}{subsection.6.15.1}% 89
\BOOKMARK [3][-]{subsubsection.6.15.1.3}{\376\377\0006\000.\0001\0005\000.\0001\000.\0003\000\040\000e\000o\000f\000\050\000\051}{subsection.6.15.1}% 90
\BOOKMARK [3][-]{subsubsection.6.15.1.4}{\376\377\0006\000.\0001\0005\000.\0001\000.\0004\000\040\000g\000e\000t\000L\000i\000n\000e\000\050\000\051}{subsection.6.15.1}% 91
\BOOKMARK [3][-]{subsubsection.6.15.1.5}{\376\377\0006\000.\0001\0005\000.\0001\000.\0005\000\040\000g\000e\000t\000N\000a\000m\000e\000\050\000\051}{subsection.6.15.1}% 92
\BOOKMARK [3][-]{subsubsection.6.15.1.6}{\376\377\0006\000.\0001\0005\000.\0001\000.\0006\000\040\000g\000e\000t\000R\000e\000a\000d\000C\000h\000a\000r\000s\000\050\000\051}{subsection.6.15.1}% 93
\BOOKMARK [3][-]{subsubsection.6.15.1.7}{\376\377\0006\000.\0001\0005\000.\0001\000.\0007\000\040\000n\000e\000x\000t\000C\000h\000a\000r\000\050\000\051}{subsection.6.15.1}% 94
\BOOKMARK [3][-]{subsubsection.6.15.1.8}{\376\377\0006\000.\0001\0005\000.\0001\000.\0008\000\040\000s\000e\000t\000T\000e\000s\000t\000C\000a\000s\000e\000\050\000\051}{subsection.6.15.1}% 95
\BOOKMARK [3][-]{subsubsection.6.15.1.9}{\376\377\0006\000.\0001\0005\000.\0001\000.\0009\000\040\000s\000k\000i\000p\000C\000h\000a\000r\000\050\000\051}{subsection.6.15.1}% 96
\BOOKMARK [3][-]{subsubsection.6.15.1.10}{\376\377\0006\000.\0001\0005\000.\0001\000.\0001\0000\000\040\000u\000n\000r\000e\000a\000d\000C\000h\000a\000r\000\050\000\051}{subsection.6.15.1}% 97
\BOOKMARK [1][-]{section.6.16}{\376\377\0006\000.\0001\0006\000\040\000T\000e\000s\000t\000l\000i\000b\000F\000i\000n\000a\000l\000i\000z\000e\000G\000u\000a\000r\000d\000\040\000S\000t\000r\000u\000c\000t\000\040\000R\000e\000f\000e\000r\000e\000n\000c\000e}{chapter.6}% 98
\BOOKMARK [1][-]{section.6.17}{\376\377\0006\000.\0001\0007\000\040\000T\000r\000e\000e\000\040\000C\000l\000a\000s\000s\000\040\000R\000e\000f\000e\000r\000e\000n\000c\000e}{chapter.6}% 99
\BOOKMARK [2][-]{subsection.6.17.1}{\376\377\0006\000.\0001\0007\000.\0001\000\040\000D\000e\000t\000a\000i\000l\000e\000d\000\040\000D\000e\000s\000c\000r\000i\000p\000t\000i\000o\000n}{section.6.17}% 100
\BOOKMARK [2][-]{subsection.6.17.2}{\376\377\0006\000.\0001\0007\000.\0002\000\040\000M\000e\000m\000b\000e\000r\000\040\000F\000u\000n\000c\000t\000i\000o\000n\000\040\000D\000o\000c\000u\000m\000e\000n\000t\000a\000t\000i\000o\000n}{section.6.17}% 101
\BOOKMARK [3][-]{subsubsection.6.17.2.1}{\376\377\0006\000.\0001\0007\000.\0002\000.\0001\000\040\000c\000h\000a\000i\000n\000\050\000\051}{subsection.6.17.2}% 102
\BOOKMARK [3][-]{subsubsection.6.17.2.2}{\376\377\0006\000.\0001\0007\000.\0002\000.\0002\000\040\000c\000h\000a\000i\000n\000\137\000a\000n\000d\000\137\000f\000l\000o\000w\000e\000r\000\050\000\051}{subsection.6.17.2}% 103
\BOOKMARK [3][-]{subsubsection.6.17.2.3}{\376\377\0006\000.\0001\0007\000.\0002\000.\0003\000\040\000f\000l\000o\000w\000e\000r\000\050\000\051}{subsection.6.17.2}% 104
\BOOKMARK [3][-]{subsubsection.6.17.2.4}{\376\377\0006\000.\0001\0007\000.\0002\000.\0004\000\040\000g\000e\000t\000\137\000l\000e\000a\000v\000e\000s\000\050\000\051}{subsection.6.17.2}% 105
\BOOKMARK [3][-]{subsubsection.6.17.2.5}{\376\377\0006\000.\0001\0007\000.\0002\000.\0005\000\040\000i\000n\000i\000t\000\050\000\051}{subsection.6.17.2}% 106
\BOOKMARK [3][-]{subsubsection.6.17.2.6}{\376\377\0006\000.\0001\0007\000.\0002\000.\0006\000\040\000l\000o\000g\000\137\000h\000e\000i\000g\000h\000t\000\137\000t\000r\000e\000e\000\050\000\051}{subsection.6.17.2}% 107
\BOOKMARK [3][-]{subsubsection.6.17.2.7}{\376\377\0006\000.\0001\0007\000.\0002\000.\0007\000\040\000n\000\137\000d\000e\000g\000\137\000t\000r\000e\000e\000\050\000\051}{subsection.6.17.2}% 108
\BOOKMARK [3][-]{subsubsection.6.17.2.8}{\376\377\0006\000.\0001\0007\000.\0002\000.\0008\000\040\000p\000r\000i\000n\000t\000\050\000\051}{subsection.6.17.2}% 109
\BOOKMARK [3][-]{subsubsection.6.17.2.9}{\376\377\0006\000.\0001\0007\000.\0002\000.\0009\000\040\000r\000a\000n\000d\000o\000m\000\137\000s\000h\000a\000p\000e\000d\000\137\000t\000r\000e\000e\000\050\000\051}{subsection.6.17.2}% 110
\BOOKMARK [3][-]{subsubsection.6.17.2.10}{\376\377\0006\000.\0001\0007\000.\0002\000.\0001\0000\000\040\000s\000q\000r\000t\000\137\000h\000e\000i\000g\000h\000t\000\137\000t\000r\000e\000e\000\050\000\051}{subsection.6.17.2}% 111
\BOOKMARK [2][-]{subsection.6.17.3}{\376\377\0006\000.\0001\0007\000.\0003\000\040\000M\000e\000m\000b\000e\000r\000\040\000D\000a\000t\000a\000\040\000D\000o\000c\000u\000m\000e\000n\000t\000a\000t\000i\000o\000n}{section.6.17}% 112
\BOOKMARK [3][-]{subsubsection.6.17.3.1}{\376\377\0006\000.\0001\0007\000.\0003\000.\0001\000\040\000l\000e\000a\000v\000e\000s}{subsection.6.17.3}% 113
\BOOKMARK [1][-]{section.6.18}{\376\377\0006\000.\0001\0008\000\040\000V\000a\000l\000i\000d\000a\000t\000o\000r\000\040\000C\000l\000a\000s\000s\000\040\000R\000e\000f\000e\000r\000e\000n\000c\000e}{chapter.6}% 114
\BOOKMARK [1][-]{section.6.19}{\376\377\0006\000.\0001\0009\000\040\000V\000a\000l\000i\000d\000a\000t\000o\000r\000B\000o\000u\000n\000d\000s\000H\000i\000t\000\040\000S\000t\000r\000u\000c\000t\000\040\000R\000e\000f\000e\000r\000e\000n\000c\000e}{chapter.6}% 115
\BOOKMARK [0][-]{chapter.7}{\376\377\0007\000\040\000F\000i\000l\000e\000\040\000D\000o\000c\000u\000m\000e\000n\000t\000a\000t\000i\000o\000n}{}% 116
\BOOKMARK [1][-]{section.7.1}{\376\377\0007\000.\0001\000\040\000g\000e\000n\000e\000r\000a\000t\000o\000r\000.\000h}{chapter.7}% 117
\BOOKMARK [1][-]{section.7.2}{\376\377\0007\000.\0002\000\040\000t\000e\000s\000t\000l\000i\000b\000.\000h}{chapter.7}% 118
\BOOKMARK [0][-]{section*.44}{\376\377\000I\000n\000d\000e\000x}{}% 119
